2022-12-19 13:12:959 INFO  TopMenuPage :54 - Getting text from : Computers
2022-12-19 13:12:121 INFO  TopMenuPage :67 - Getting text from : Apparel
2022-12-19 13:12:306 INFO  TopMenuPage :54 - Getting text from : Computers
2022-12-19 13:12:360 INFO  TopMenuPage :67 - Getting text from : Apparel
2022-12-20 19:12:143 INFO  TopMenuPage :48 - Clicking on Computer Link : [[ChromeDriver: chrome on WINDOWS (ee6cc39f75281ad8f4a45b98e1c42422)] -> xpath: //ul[@class='top-menu notmobile']//a[contains(text(),'Computers')]]
2022-12-20 19:12:467 INFO  TopMenuPage :54 - Getting text from : [[ChromeDriver: chrome on WINDOWS (ee6cc39f75281ad8f4a45b98e1c42422)] -> xpath: //ul[@class='top-menu notmobile']//a[contains(text(),'Computers')]]
2022-12-20 19:12:523 INFO  TopMenuPage :67 - Getting text from : [[ChromeDriver: chrome on WINDOWS (ee6cc39f75281ad8f4a45b98e1c42422)] -> xpath: //ul[@class='top-menu notmobile']//a[contains(text(),'Apparel')]]
2022-12-20 19:12:652 INFO  AddToCartPage :202 - Clicking on Add to oCart Link : [[ChromeDriver: chrome on WINDOWS (b7b9c7dc5bd8a39e126360f226c9b781)] -> id: add-to-cart-button-1]
2022-12-20 19:12:333 INFO  AddToCartPage :207 - Get Text Message : [[ChromeDriver: chrome on WINDOWS (b7b9c7dc5bd8a39e126360f226c9b781)] -> xpath: //div[@class='bar-notification success']/p[1]]
2022-12-20 19:12:365 INFO  AddToCartPage :212 - Clicking on Cross button : [[ChromeDriver: chrome on WINDOWS (b7b9c7dc5bd8a39e126360f226c9b781)] -> xpath: //span[@class='close']]
2022-12-20 19:12:969 INFO  AddToCartPage :223 - Verify Text Message : [[ChromeDriver: chrome on WINDOWS (b7b9c7dc5bd8a39e126360f226c9b781)] -> xpath: //h1[text()='Shopping cart']]
2022-12-20 19:12:116 INFO  AddToCartPage :237 - Clicking on Update ShoppingCart : [[ChromeDriver: chrome on WINDOWS (b7b9c7dc5bd8a39e126360f226c9b781)] -> xpath: //button[@id='updatecart']]
2022-12-20 19:12:522 INFO  AddToCartPage :242 - Verify Text  : [[ChromeDriver: chrome on WINDOWS (b7b9c7dc5bd8a39e126360f226c9b781)] -> xpath: //tbody/tr[4]/td[2]/span[1]/strong[1]]
2022-12-20 19:12:557 INFO  AddToCartPage :247 - Clicking on CheckBox : [[ChromeDriver: chrome on WINDOWS (b7b9c7dc5bd8a39e126360f226c9b781)] -> xpath: /html[1]/body[1]/div[6]/div[3]/div[1]/div[1]/div[1]/div[2]/div[1]/form[1]/div[3]/div[2]/div[3]/input[1]]
2022-12-20 19:12:609 INFO  AddToCartPage :252 - Clicking on CheckOut : [[ChromeDriver: chrome on WINDOWS (b7b9c7dc5bd8a39e126360f226c9b781)] -> xpath: //button[@class='button-1 checkout-button']]
2022-12-20 19:12:108 INFO  AddToCartPage :257 - Verify Text Message : [[ChromeDriver: chrome on WINDOWS (b7b9c7dc5bd8a39e126360f226c9b781)] -> xpath: //h1[contains(text(),'Welcome, Please Sign In!')]]
2022-12-20 19:12:277 INFO  AddToCartPage :202 - Clicking on Add to oCart Link : [[ChromeDriver: chrome on WINDOWS (0206121a2b5f58cd12e76867ae9c35d6)] -> id: add-to-cart-button-1]
2022-12-20 19:12:28 INFO  AddToCartPage :207 - Get Text Message : [[ChromeDriver: chrome on WINDOWS (0206121a2b5f58cd12e76867ae9c35d6)] -> xpath: //div[@class='bar-notification success']/p[1]]
2022-12-20 19:12:60 INFO  AddToCartPage :212 - Clicking on Cross button : [[ChromeDriver: chrome on WINDOWS (0206121a2b5f58cd12e76867ae9c35d6)] -> xpath: //span[@class='close']]
2022-12-20 19:12:640 INFO  AddToCartPage :223 - Verify Text Message : [[ChromeDriver: chrome on WINDOWS (0206121a2b5f58cd12e76867ae9c35d6)] -> xpath: //h1[text()='Shopping cart']]
2022-12-20 19:12:794 INFO  AddToCartPage :237 - Clicking on Update ShoppingCart : [[ChromeDriver: chrome on WINDOWS (0206121a2b5f58cd12e76867ae9c35d6)] -> xpath: //button[@id='updatecart']]
2022-12-20 19:12:194 INFO  AddToCartPage :242 - Verify Text  : [[ChromeDriver: chrome on WINDOWS (0206121a2b5f58cd12e76867ae9c35d6)] -> xpath: //tbody/tr[4]/td[2]/span[1]/strong[1]]
2022-12-20 19:12:226 INFO  AddToCartPage :247 - Clicking on CheckBox : [[ChromeDriver: chrome on WINDOWS (0206121a2b5f58cd12e76867ae9c35d6)] -> xpath: /html[1]/body[1]/div[6]/div[3]/div[1]/div[1]/div[1]/div[2]/div[1]/form[1]/div[3]/div[2]/div[3]/input[1]]
2022-12-20 19:12:279 INFO  AddToCartPage :252 - Clicking on CheckOut : [[ChromeDriver: chrome on WINDOWS (0206121a2b5f58cd12e76867ae9c35d6)] -> xpath: //button[@class='button-1 checkout-button']]
2022-12-20 19:12:774 INFO  AddToCartPage :257 - Verify Text Message : [[ChromeDriver: chrome on WINDOWS (0206121a2b5f58cd12e76867ae9c35d6)] -> xpath: //h1[contains(text(),'Welcome, Please Sign In!')]]
2022-12-20 20:12:522 INFO  TopMenuPage :48 - Clicking on Computer Link : [[ChromeDriver: chrome on WINDOWS (86d45ebc3a28393fa2f5d72adf6bc05c)] -> xpath: //ul[@class='top-menu notmobile']//a[contains(text(),'Computers')]]
2022-12-20 20:12:194 INFO  TopMenuPage :54 - Getting text from : [[ChromeDriver: chrome on WINDOWS (86d45ebc3a28393fa2f5d72adf6bc05c)] -> xpath: //ul[@class='top-menu notmobile']//a[contains(text(),'Computers')]]
2022-12-20 20:12:408 INFO  TopMenuPage :67 - Getting text from : [[ChromeDriver: chrome on WINDOWS (86d45ebc3a28393fa2f5d72adf6bc05c)] -> xpath: //ul[@class='top-menu notmobile']//a[contains(text(),'Apparel')]]
2022-12-20 20:12:837 INFO  AddToCartPage :202 - Clicking on Add to oCart Link : [[ChromeDriver: chrome on WINDOWS (da8c64babcdbb99afd7aa26bb61aa8d6)] -> id: add-to-cart-button-1]
2022-12-20 20:12:192 INFO  AddToCartPage :207 - Get Text Message : [[ChromeDriver: chrome on WINDOWS (da8c64babcdbb99afd7aa26bb61aa8d6)] -> xpath: //div[@class='bar-notification success']/p[1]]
2022-12-20 20:12:285 INFO  AddToCartPage :212 - Clicking on Cross button : [[ChromeDriver: chrome on WINDOWS (da8c64babcdbb99afd7aa26bb61aa8d6)] -> xpath: //span[@class='close']]
2022-12-20 20:12:982 INFO  AddToCartPage :223 - Verify Text Message : [[ChromeDriver: chrome on WINDOWS (da8c64babcdbb99afd7aa26bb61aa8d6)] -> xpath: //h1[text()='Shopping cart']]
2022-12-20 20:12:457 INFO  AddToCartPage :237 - Clicking on Update ShoppingCart : [[ChromeDriver: chrome on WINDOWS (da8c64babcdbb99afd7aa26bb61aa8d6)] -> xpath: //button[@id='updatecart']]
2022-12-20 20:12:193 INFO  AddToCartPage :242 - Verify Text  : [[ChromeDriver: chrome on WINDOWS (da8c64babcdbb99afd7aa26bb61aa8d6)] -> xpath: //tbody/tr[4]/td[2]/span[1]/strong[1]]
2022-12-20 20:12:303 INFO  AddToCartPage :247 - Clicking on CheckBox : [[ChromeDriver: chrome on WINDOWS (da8c64babcdbb99afd7aa26bb61aa8d6)] -> xpath: /html[1]/body[1]/div[6]/div[3]/div[1]/div[1]/div[1]/div[2]/div[1]/form[1]/div[3]/div[2]/div[3]/input[1]]
2022-12-20 20:12:502 INFO  AddToCartPage :252 - Clicking on CheckOut : [[ChromeDriver: chrome on WINDOWS (da8c64babcdbb99afd7aa26bb61aa8d6)] -> xpath: //button[@class='button-1 checkout-button']]
2022-12-20 20:12:333 INFO  AddToCartPage :257 - Verify Text Message : [[ChromeDriver: chrome on WINDOWS (da8c64babcdbb99afd7aa26bb61aa8d6)] -> xpath: //h1[contains(text(),'Welcome, Please Sign In!')]]
2022-12-20 20:12:335 INFO  AddToCartPage :202 - Clicking on Add to oCart Link : [[ChromeDriver: chrome on WINDOWS (bbc4a02a33b1f7b8c0595359c71e9c90)] -> id: add-to-cart-button-1]
2022-12-20 20:12:757 INFO  AddToCartPage :207 - Get Text Message : [[ChromeDriver: chrome on WINDOWS (bbc4a02a33b1f7b8c0595359c71e9c90)] -> xpath: //div[@class='bar-notification success']/p[1]]
2022-12-20 20:12:904 INFO  AddToCartPage :212 - Clicking on Cross button : [[ChromeDriver: chrome on WINDOWS (bbc4a02a33b1f7b8c0595359c71e9c90)] -> xpath: //span[@class='close']]
2022-12-20 20:12:774 INFO  AddToCartPage :223 - Verify Text Message : [[ChromeDriver: chrome on WINDOWS (bbc4a02a33b1f7b8c0595359c71e9c90)] -> xpath: //h1[text()='Shopping cart']]
2022-12-20 20:12:329 INFO  AddToCartPage :237 - Clicking on Update ShoppingCart : [[ChromeDriver: chrome on WINDOWS (bbc4a02a33b1f7b8c0595359c71e9c90)] -> xpath: //button[@id='updatecart']]
2022-12-20 20:12:247 INFO  AddToCartPage :242 - Verify Text  : [[ChromeDriver: chrome on WINDOWS (bbc4a02a33b1f7b8c0595359c71e9c90)] -> xpath: //tbody/tr[4]/td[2]/span[1]/strong[1]]
2022-12-20 20:12:821 INFO  AddToCartPage :202 - Clicking on Add to oCart Link : [[ChromeDriver: chrome on WINDOWS (9e8f17fdd78c3aba14550c85cc7a11ba)] -> id: add-to-cart-button-1]
2022-12-20 20:12:623 INFO  AddToCartPage :207 - Get Text Message : [[ChromeDriver: chrome on WINDOWS (9e8f17fdd78c3aba14550c85cc7a11ba)] -> xpath: //div[@class='bar-notification success']/p[1]]
2022-12-20 20:12:738 INFO  AddToCartPage :212 - Clicking on Cross button : [[ChromeDriver: chrome on WINDOWS (9e8f17fdd78c3aba14550c85cc7a11ba)] -> xpath: //span[@class='close']]
2022-12-20 20:12:508 INFO  AddToCartPage :223 - Verify Text Message : [[ChromeDriver: chrome on WINDOWS (9e8f17fdd78c3aba14550c85cc7a11ba)] -> xpath: //h1[text()='Shopping cart']]
2022-12-20 20:12:957 INFO  AddToCartPage :237 - Clicking on Update ShoppingCart : [[ChromeDriver: chrome on WINDOWS (9e8f17fdd78c3aba14550c85cc7a11ba)] -> xpath: //button[@id='updatecart']]
2022-12-20 20:12:759 INFO  AddToCartPage :242 - Verify Text  : [[ChromeDriver: chrome on WINDOWS (9e8f17fdd78c3aba14550c85cc7a11ba)] -> xpath: //tbody/tr[4]/td[2]/span[1]/strong[1]]
2022-12-20 20:12:841 INFO  AddToCartPage :247 - Clicking on CheckBox : [[ChromeDriver: chrome on WINDOWS (9e8f17fdd78c3aba14550c85cc7a11ba)] -> xpath: /html[1]/body[1]/div[6]/div[3]/div[1]/div[1]/div[1]/div[2]/div[1]/form[1]/div[3]/div[2]/div[3]/input[1]]
2022-12-20 20:12:10 INFO  AddToCartPage :252 - Clicking on CheckOut : [[ChromeDriver: chrome on WINDOWS (9e8f17fdd78c3aba14550c85cc7a11ba)] -> xpath: //button[@class='button-1 checkout-button']]
2022-12-20 20:12:780 INFO  AddToCartPage :257 - Verify Text Message : [[ChromeDriver: chrome on WINDOWS (9e8f17fdd78c3aba14550c85cc7a11ba)] -> xpath: //h1[contains(text(),'Welcome, Please Sign In!')]]
